<?xml version="1.0" encoding="UTF-8"?>
<!-- Generated by org.testng.reporters.JUnitReportReporter -->
<testsuite hostname="soc-5CG21221ZG" failures="0" tests="1" name="TestRunner.FaildRunner$CucumberTest" time="86.947" errors="0" timestamp="2024-12-04T15:06:58 IST" skipped="0">
  <testcase classname="TestRunner.FaildRunner$CucumberTest" name="runScenario" time="86.947"/>
</testsuite> <!-- TestRunner.FaildRunner$CucumberTest -->
