<?xml version="1.0" encoding="UTF-8"?>
<!-- Generated by org.testng.reporters.JUnitReportReporter -->
<testsuite hostname="VGANJIX-mobl" failures="0" tests="5" name="TestRunner.TestRunnerAll$CucumberTest" time="211.482" errors="0" timestamp="2024-12-24T16:18:16 IST" skipped="0">
  <testcase classname="TestRunner.TestRunnerAll$CucumberTest" name="runScenario" time="32.359"/>
  <testcase classname="TestRunner.TestRunnerAll$CucumberTest" name="runScenario" time="38.381"/>
  <testcase classname="TestRunner.TestRunnerAll$CucumberTest" name="runScenario" time="40.044"/>
  <testcase classname="TestRunner.TestRunnerAll$CucumberTest" name="runScenario" time="62.632"/>
  <testcase classname="TestRunner.TestRunnerAll$CucumberTest" name="runScenario" time="38.066"/>
</testsuite> <!-- TestRunner.TestRunnerAll$CucumberTest -->
