<?xml version="1.0" encoding="UTF-8"?>
<!-- Generated by org.testng.reporters.JUnitReportReporter -->
<testsuite hostname="soc-5CG21221ZG" failures="0" tests="3" name="TestRunner.TestRunnerParallelFeatureFile$CucumberTest" time="666.208" errors="0" timestamp="2024-12-04T19:31:46 IST" skipped="0">
  <testcase classname="TestRunner.TestRunnerParallelFeatureFile$CucumberTest" name="runScenario" time="305.591"/>
  <testcase classname="TestRunner.TestRunnerParallelFeatureFile$CucumberTest" name="runScenario" time="153.570"/>
  <testcase classname="TestRunner.TestRunnerParallelFeatureFile$CucumberTest" name="runScenario" time="207.047"/>
</testsuite> <!-- TestRunner.TestRunnerParallelFeatureFile$CucumberTest -->
