<?xml version="1.0" encoding="UTF-8"?>
<!-- Generated by org.testng.reporters.JUnitReportReporter -->
<testsuite hostname="VGANJIX-mobl" failures="0" tests="1" name="TestRunner.TestRunner$CucumberTest" time="37.571" errors="0" timestamp="2025-01-07T15:55:22 IST" skipped="0">
  <testcase classname="TestRunner.TestRunner$CucumberTest" name="runScenario" time="37.571"/>
</testsuite> <!-- TestRunner.TestRunner$CucumberTest -->
