<?xml version="1.0" encoding="UTF-8"?>
<!-- Generated by org.testng.reporters.JUnitReportReporter -->
<testsuite hostname="soc-5CG21221ZG" failures="0" tests="16" name="TestRunner.TestRunnerParallelFeatureFile$CucumberTest" time="2024.411" errors="0" timestamp="2024-12-18T16:29:51 IST" skipped="0">
  <testcase classname="TestRunner.TestRunnerParallelFeatureFile$CucumberTest" name="runScenario" time="67.446"/>
  <testcase classname="TestRunner.TestRunnerParallelFeatureFile$CucumberTest" name="runScenario" time="72.468"/>
  <testcase classname="TestRunner.TestRunnerParallelFeatureFile$CucumberTest" name="runScenario" time="95.990"/>
  <testcase classname="TestRunner.TestRunnerParallelFeatureFile$CucumberTest" name="runScenario" time="183.513"/>
  <testcase classname="TestRunner.TestRunnerParallelFeatureFile$CucumberTest" name="runScenario" time="183.192"/>
  <testcase classname="TestRunner.TestRunnerParallelFeatureFile$CucumberTest" name="runScenario" time="145.105"/>
  <testcase classname="TestRunner.TestRunnerParallelFeatureFile$CucumberTest" name="runScenario" time="91.977"/>
  <testcase classname="TestRunner.TestRunnerParallelFeatureFile$CucumberTest" name="runScenario" time="65.831"/>
  <testcase classname="TestRunner.TestRunnerParallelFeatureFile$CucumberTest" name="runScenario" time="163.657"/>
  <testcase classname="TestRunner.TestRunnerParallelFeatureFile$CucumberTest" name="runScenario" time="114.051"/>
  <testcase classname="TestRunner.TestRunnerParallelFeatureFile$CucumberTest" name="runScenario" time="91.011"/>
  <testcase classname="TestRunner.TestRunnerParallelFeatureFile$CucumberTest" name="runScenario" time="157.210"/>
  <testcase classname="TestRunner.TestRunnerParallelFeatureFile$CucumberTest" name="runScenario" time="78.412"/>
  <testcase classname="TestRunner.TestRunnerParallelFeatureFile$CucumberTest" name="runScenario" time="175.388"/>
  <testcase classname="TestRunner.TestRunnerParallelFeatureFile$CucumberTest" name="runScenario" time="195.284"/>
  <testcase classname="TestRunner.TestRunnerParallelFeatureFile$CucumberTest" name="runScenario" time="143.876"/>
</testsuite> <!-- TestRunner.TestRunnerParallelFeatureFile$CucumberTest -->
